# JRE version: Java(TM) SE Runtime Environment (18.0.1+10) (build 18.0.1+10-24)
# Java VM: Java HotSpot(TM) 64-Bit Server VM (18.0.1+10-24, mixed mode, sharing, tiered, compressed oops, compressed class ptrs, g1 gc, windows-amd64)
GC Precious Log:
 CardTable entry size: 512
 Card Set container configuration: InlinePtr #cards 5 size 8 Array Of Cards #cards 12 size 40 Howl #buckets 4 coarsen threshold 1843 Howl Bitmap #cards 512 size 80 coarsen threshold 460 Card regions per heap region 1 cards per card region 2048
 CPUs: 2 total, 2 available
 Memory: 1978M
 Large Page Support: Disabled
 NUMA Support: Disabled
 Compressed Oops: Enabled (32-bit)
 Heap Region Size: 1M
 Heap Min Capacity: 8M
 Heap Initial Capacity: 32M
 Heap Max Capacity: 496M
 Pre-touch: Disabled
 Parallel Workers: 2
 Concurrent Workers: 1
 Concurrent Refinement Workers: 2
 Periodic GC: Disabled
Heap:
 garbage-first heap   total 32768K, used 9129K [0x00000000e1000000, 0x0000000100000000)
  region size 1024K, 3 young (3072K), 1 survivors (1024K)
 Metaspace       used 10103K, committed 10368K, reserved 1114112K
  class space    used 1163K, committed 1280K, reserved 1048576K
GC Heap History (8 events):
Event: 2.161 GC heap before
{Heap before GC invocations=0 (full 0):
 garbage-first heap   total 32768K, used 7168K [0x00000000e1000000, 0x0000000100000000)
  region size 1024K, 6 young (6144K), 0 survivors (0K)
 Metaspace       used 748K, committed 896K, reserved 1114112K
  class space    used 57K, committed 128K, reserved 1048576K
}
Event: 2.171 GC heap after
{Heap after GC invocations=1 (full 0):
 garbage-first heap   total 32768K, used 3719K [0x00000000e1000000, 0x0000000100000000)
  region size 1024K, 1 young (1024K), 1 survivors (1024K)
 Metaspace       used 748K, committed 896K, reserved 1114112K
  class space    used 57K, committed 128K, reserved 1048576K
}
Event: 3.053 GC heap before
{Heap before GC invocations=1 (full 0):
 garbage-first heap   total 32768K, used 6791K [0x00000000e1000000, 0x0000000100000000)
  region size 1024K, 5 young (5120K), 1 survivors (1024K)
 Metaspace       used 2901K, committed 3072K, reserved 1114112K
  class space    used 330K, committed 384K, reserved 1048576K
}
Event: 3.058 GC heap after
{Heap after GC invocations=2 (full 0):
 garbage-first heap   total 32768K, used 4707K [0x00000000e1000000, 0x0000000100000000)
  region size 1024K, 1 young (1024K), 1 survivors (1024K)
 Metaspace       used 2901K, committed 3072K, reserved 1114112K
  class space    used 330K, committed 384K, reserved 1048576K
}
Event: 3.742 GC heap before
{Heap before GC invocations=2 (full 0):
 garbage-first heap   total 32768K, used 10851K [0x00000000e1000000, 0x0000000100000000)
  region size 1024K, 8 young (8192K), 1 survivors (1024K)
 Metaspace       used 5380K, committed 5568K, reserved 1114112K
  class space    used 565K, committed 704K, reserved 1048576K
}
Event: 3.752 GC heap after
{Heap after GC invocations=3 (full 0):
 garbage-first heap   total 32768K, used 7721K [0x00000000e1000000, 0x0000000100000000)
  region size 1024K, 1 young (1024K), 1 survivors (1024K)
 Metaspace       used 5380K, committed 5568K, reserved 1114112K
  class space    used 565K, committed 704K, reserved 1048576K
}
Event: 5.352 GC heap before
{Heap before GC invocations=3 (full 0):
 garbage-first heap   total 32768K, used 14889K [0x00000000e1000000, 0x0000000100000000)
  region size 1024K, 8 young (8192K), 1 survivors (1024K)
 Metaspace       used 9582K, committed 9856K, reserved 1114112K
  class space    used 1080K, committed 1216K, reserved 1048576K
}
Event: 5.366 GC heap after
{Heap after GC invocations=4 (full 0):
 garbage-first heap   total 32768K, used 8105K [0x00000000e1000000, 0x0000000100000000)
  region size 1024K, 1 young (1024K), 1 survivors (1024K)
 Metaspace       used 9582K, committed 9856K, reserved 1114112K
  class space    used 1080K, committed 1216K, reserved 1048576K
}

